<?xml version="1.0" encoding="UTF-8"?>
<!-- Generated by org.testng.reporters.JUnitReportReporter -->
<testsuite hostname="DESKTOP-J6LSAH9" failures="0" tests="6" name="com.ict.scripts.TestAdmin" time="11.742" errors="0" timestamp="2023-10-06T15:45:58 IST" skipped="0">
  <testcase classname="com.ict.scripts.TestAdmin" name="AdminLoginDashboard" time="5.071"/>
  <testcase classname="com.ict.scripts.TestAdmin" name="viewallcurriculum" time="0.580"/>
  <testcase classname="com.ict.scripts.TestAdmin" name="verifydeleteoption" time="1.998"/>
  <testcase classname="com.ict.scripts.TestAdmin" name="viewapprovedcurriculums" time="0.355"/>
  <testcase classname="com.ict.scripts.TestAdmin" name="viewpendingcurriculums" time="0.431"/>
  <testcase classname="com.ict.scripts.TestAdmin" name="VerifyApprovingcurriculum" time="3.307"/>
</testsuite> <!-- com.ict.scripts.TestAdmin -->
