<?xml version="1.0" encoding="UTF-8"?>
<!-- Generated by org.testng.reporters.JUnitReportReporter -->
<testsuite hostname="DESKTOP-J6LSAH9" failures="0" tests="5" name="com.ict.scripts.TestFaculty" time="13.197" errors="0" timestamp="2023-10-06T15:45:34 IST" skipped="0">
  <testcase classname="com.ict.scripts.TestFaculty" name="AdminLoginDashboard" time="5.109"/>
  <testcase classname="com.ict.scripts.TestFaculty" name="ViewMycurriculums" time="3.267"/>
  <testcase classname="com.ict.scripts.TestFaculty" name="ViewDescription" time="2.118"/>
  <testcase classname="com.ict.scripts.TestFaculty" name="VerifySearch" time="0.646"/>
  <testcase classname="com.ict.scripts.TestFaculty" name="RespondingtoRequirement" time="2.057"/>
</testsuite> <!-- com.ict.scripts.TestFaculty -->
